<?xml version="1.0" encoding="UTF-8" ?>
<testsuite failures="0" time="0.002" errors="0" skipped="0" tests="1" name="com.youlite.jxc.common.AppTest">
  <properties>
    <property name="java.vendor" value="Oracle Corporation"/>
    <property name="osgi.bundles.defaultStartLevel" value="4"/>
    <property name="sun.java.launcher" value="SUN_STANDARD"/>
    <property name="org.osgi.supports.framework.extension" value="true"/>
    <property name="sun.management.compiler" value="HotSpot 64-Bit Tiered Compilers"/>
    <property name="os.name" value="Windows 7"/>
    <property name="sun.boot.class.path" value="C:\Program Files\Java\jdk1.7.0_80\jre\lib\resources.jar;C:\Program Files\Java\jdk1.7.0_80\jre\lib\rt.jar;C:\Program Files\Java\jdk1.7.0_80\jre\lib\sunrsasign.jar;C:\Program Files\Java\jdk1.7.0_80\jre\lib\jsse.jar;C:\Program Files\Java\jdk1.7.0_80\jre\lib\jce.jar;C:\Program Files\Java\jdk1.7.0_80\jre\lib\charsets.jar;C:\Program Files\Java\jdk1.7.0_80\jre\lib\jfr.jar;C:\Program Files\Java\jdk1.7.0_80\jre\classes"/>
    <property name="user.country.format" value="CN"/>
    <property name="osgi.ws" value="win32"/>
    <property name="sun.desktop" value="windows"/>
    <property name="java.vm.specification.vendor" value="Oracle Corporation"/>
    <property name="java.runtime.version" value="1.7.0_80-b15"/>
    <property name="org.osgi.framework.uuid" value="205a5d7a-2dad-0015-1196-841548f38491"/>
    <property name="user.name" value="David"/>
    <property name="user.language.format" value="zh"/>
    <property name="org.osgi.framework.system.packages" value="javax.accessibility,javax.activation,javax.activity,javax.annotation,javax.annotation.processing,javax.crypto,javax.crypto.interfaces,javax.crypto.spec,javax.imageio,javax.imageio.event,javax.imageio.metadata,javax.imageio.plugins.bmp,javax.imageio.plugins.jpeg,javax.imageio.spi,javax.imageio.stream,javax.jws,javax.jws.soap,javax.lang.model,javax.lang.model.element,javax.lang.model.type,javax.lang.model.util,javax.management,javax.management.loading,javax.management.modelmbean,javax.management.monitor,javax.management.openmbean,javax.management.relation,javax.management.remote,javax.management.remote.rmi,javax.management.timer,javax.naming,javax.naming.directory,javax.naming.event,javax.naming.ldap,javax.naming.spi,javax.net,javax.net.ssl,javax.print,javax.print.attribute,javax.print.attribute.standard,javax.print.event,javax.rmi,javax.rmi.CORBA,javax.rmi.ssl,javax.script,javax.security.auth,javax.security.auth.callback,javax.security.auth.kerberos,javax.security.auth.login,javax.security.auth.spi,javax.security.auth.x500,javax.security.cert,javax.security.sasl,javax.sound.midi,javax.sound.midi.spi,javax.sound.sampled,javax.sound.sampled.spi,javax.sql,javax.sql.rowset,javax.sql.rowset.serial,javax.sql.rowset.spi,javax.swing,javax.swing.border,javax.swing.colorchooser,javax.swing.event,javax.swing.filechooser,javax.swing.plaf,javax.swing.plaf.basic,javax.swing.plaf.metal,javax.swing.plaf.multi,javax.swing.plaf.nimbus,javax.swing.plaf.synth,javax.swing.table,javax.swing.text,javax.swing.text.html,javax.swing.text.html.parser,javax.swing.text.rtf,javax.swing.tree,javax.swing.undo,javax.tools,javax.transaction,javax.transaction.xa,javax.xml,javax.xml.bind,javax.xml.bind.annotation,javax.xml.bind.annotation.adapters,javax.xml.bind.attachment,javax.xml.bind.helpers,javax.xml.bind.util,javax.xml.crypto,javax.xml.crypto.dom,javax.xml.crypto.dsig,javax.xml.crypto.dsig.dom,javax.xml.crypto.dsig.keyinfo,javax.xml.crypto.dsig.spec,javax.xml.datatype,javax.xml.namespace,javax.xml.parsers,javax.xml.soap,javax.xml.stream,javax.xml.stream.events,javax.xml.stream.util,javax.xml.transform,javax.xml.transform.dom,javax.xml.transform.sax,javax.xml.transform.stax,javax.xml.transform.stream,javax.xml.validation,javax.xml.ws,javax.xml.ws.handler,javax.xml.ws.handler.soap,javax.xml.ws.http,javax.xml.ws.soap,javax.xml.ws.spi,javax.xml.ws.spi.http,javax.xml.ws.wsaddressing,javax.xml.xpath,org.ietf.jgss,org.omg.CORBA,org.omg.CORBA_2_3,org.omg.CORBA_2_3.portable,org.omg.CORBA.DynAnyPackage,org.omg.CORBA.ORBPackage,org.omg.CORBA.portable,org.omg.CORBA.TypeCodePackage,org.omg.CosNaming,org.omg.CosNaming.NamingContextExtPackage,org.omg.CosNaming.NamingContextPackage,org.omg.Dynamic,org.omg.DynamicAny,org.omg.DynamicAny.DynAnyFactoryPackage,org.omg.DynamicAny.DynAnyPackage,org.omg.IOP,org.omg.IOP.CodecFactoryPackage,org.omg.IOP.CodecPackage,org.omg.Messaging,org.omg.PortableInterceptor,org.omg.PortableInterceptor.ORBInitInfoPackage,org.omg.PortableServer,org.omg.PortableServer.CurrentPackage,org.omg.PortableServer.POAManagerPackage,org.omg.PortableServer.POAPackage,org.omg.PortableServer.portable,org.omg.PortableServer.ServantLocatorPackage,org.omg.SendingContext,org.omg.stub.java.rmi,org.w3c.dom,org.w3c.dom.bootstrap,org.w3c.dom.css,org.w3c.dom.events,org.w3c.dom.html,org.w3c.dom.ls,org.w3c.dom.ranges,org.w3c.dom.stylesheets,org.w3c.dom.traversal,org.w3c.dom.views,org.w3c.dom.xpath,org.xml.sax,org.xml.sax.ext,org.xml.sax.helpers"/>
    <property name="guice.disable.misplaced.annotation.check" value="true"/>
    <property name="equinox.use.ds" value="true"/>
    <property name="org.osgi.framework.language" value="en"/>
    <property name="user.language" value="en"/>
    <property name="org.osgi.framework.processor" value="x86-64"/>
    <property name="osgi.syspath" value="C:\Users\David\.m2\repository\org\eclipse\tycho\tycho-bundles-external\0.19.0\eclipse/plugins"/>
    <property name="sun.boot.library.path" value="C:\Program Files\Java\jdk1.7.0_80\jre\bin"/>
    <property name="osgi.manifest.cache" value="C:\Users\David\AppData\Local\Temp\config6906366214141532853equinox\org.eclipse.osgi\manifests"/>
    <property name="classworlds.conf" value="E:\test-workspace\.metadata\.plugins\org.eclipse.m2e.launching\launches\m2conf7765284898133956998.tmp"/>
    <property name="org.osgi.framework.system.capabilities" value="osgi.ee; osgi.ee=&quot;OSGi/Minimum&quot;; version:List&lt;Version&gt;=&quot;1.0, 1.1, 1.2&quot;,osgi.ee; osgi.ee=&quot;JRE&quot;; version:List&lt;Version&gt;=&quot;1.0, 1.1&quot;,osgi.ee; osgi.ee=&quot;JavaSE&quot;; version:List&lt;Version&gt;=&quot;1.0, 1.1, 1.2, 1.3, 1.4, 1.5, 1.6, 1.7&quot;"/>
    <property name="java.version" value="1.7.0_80"/>
    <property name="org.osgi.framework.os.name" value="Windows7"/>
    <property name="user.timezone" value="Asia/Shanghai"/>
    <property name="sun.arch.data.model" value="64"/>
    <property name="osgi.bundles" value="org.apache.commons.codec,org.apache.commons.logging,org.apache.httpcomponents.httpclient,org.apache.httpcomponents.httpcore,org.eclipse.core.contenttype,org.eclipse.core.jobs,org.eclipse.core.net,org.eclipse.core.runtime.compatibility.registry,org.eclipse.core.runtime,org.eclipse.ecf.filetransfer,org.eclipse.ecf.identity,org.eclipse.ecf.provider.filetransfer.httpclient4.ssl,org.eclipse.ecf.provider.filetransfer.httpclient4,org.eclipse.ecf.provider.filetransfer.ssl,org.eclipse.ecf.provider.filetransfer,org.eclipse.ecf.ssl,org.eclipse.ecf,org.eclipse.equinox.app,org.eclipse.equinox.common,org.eclipse.equinox.concurrent,org.eclipse.equinox.ds,org.eclipse.equinox.frameworkadmin.equinox,org.eclipse.equinox.frameworkadmin,org.eclipse.equinox.launcher,org.eclipse.equinox.p2.artifact.repository,org.eclipse.equinox.p2.core,org.eclipse.equinox.p2.director.app,org.eclipse.equinox.p2.director,org.eclipse.equinox.p2.engine,org.eclipse.equinox.p2.garbagecollector,org.eclipse.equinox.p2.jarprocessor,org.eclipse.equinox.p2.metadata.repository,org.eclipse.equinox.p2.metadata,org.eclipse.equinox.p2.publisher.eclipse,org.eclipse.equinox.p2.publisher,org.eclipse.equinox.p2.repository.tools,org.eclipse.equinox.p2.repository,org.eclipse.equinox.p2.touchpoint.eclipse,org.eclipse.equinox.p2.touchpoint.natives,org.eclipse.equinox.p2.transport.ecf,org.eclipse.equinox.p2.updatesite,org.eclipse.equinox.preferences,org.eclipse.equinox.registry,org.eclipse.equinox.security,org.eclipse.equinox.simpleconfigurator.manipulator,org.eclipse.equinox.simpleconfigurator,org.eclipse.equinox.util,org.eclipse.osgi.services,org.eclipse.tycho.noopsecurity,org.sat4j.core,org.sat4j.pb,reference:file:/C:/Users/David/.m2/repository/org/eclipse/tycho/org.eclipse.tycho.p2.resolver.impl/0.19.0/org.eclipse.tycho.p2.resolver.impl-0.19.0.jar,reference:file:/C:/Users/David/.m2/repository/org/eclipse/tycho/org.eclipse.tycho.p2.maven.repository/0.19.0/org.eclipse.tycho.p2.maven.repository-0.19.0.jar,reference:file:/C:/Users/David/.m2/repository/org/eclipse/tycho/org.eclipse.tycho.p2.tools.impl/0.19.0/org.eclipse.tycho.p2.tools.impl-0.19.0.jar"/>
    <property name="java.endorsed.dirs" value="C:\Program Files\Java\jdk1.7.0_80\jre\lib\endorsed"/>
    <property name="sun.cpu.isalist" value="amd64"/>
    <property name="sun.jnu.encoding" value="GBK"/>
    <property name="file.encoding.pkg" value="sun.io"/>
    <property name="org.osgi.framework.vendor" value="Eclipse"/>
    <property name="file.separator" value="\"/>
    <property name="java.specification.name" value="Java Platform API Specification"/>
    <property name="java.class.version" value="51.0"/>
    <property name="org.slf4j.simpleLogger.defaultLogLevel" value="info"/>
    <property name="user.country" value="US"/>
    <property name="java.home" value="C:\Program Files\Java\jdk1.7.0_80\jre"/>
    <property name="osgi.os" value="win32"/>
    <property name="java.vm.info" value="mixed mode"/>
    <property name="os.version" value="6.1"/>
    <property name="osgi.arch" value="x86_64"/>
    <property name="path.separator" value=";"/>
    <property name="java.vm.version" value="24.80-b11"/>
    <property name="org.osgi.supports.framework.fragment" value="true"/>
    <property name="user.variant" value=""/>
    <property name="java.awt.printerjob" value="sun.awt.windows.WPrinterJob"/>
    <property name="sun.io.unicode.encoding" value="UnicodeLittle"/>
    <property name="org.osgi.framework.version" value="1.7.0"/>
    <property name="awt.toolkit" value="sun.awt.windows.WToolkit"/>
    <property name="user.script" value=""/>
    <property name="osgi.install.area" value="file:/C:/Users/David/.m2/repository/org/eclipse/tycho/tycho-bundles-external/0.19.0/eclipse/"/>
    <property name="osgi.framework" value="file:/C:/Users/David/.m2/repository/org/eclipse/tycho/org.eclipse.osgi/3.9.1.v20130814-1242/org.eclipse.osgi-3.9.1.v20130814-1242.jar"/>
    <property name="user.home" value="C:\Users\David"/>
    <property name="osgi.framework.useSystemProperties" value="false"/>
    <property name="osgi.bundlestore" value="C:\Users\David\AppData\Local\Temp\config6906366214141532853equinox\org.eclipse.osgi\bundles"/>
    <property name="osgi.splashPath" value="platform:/base/plugins/org"/>
    <property name="java.specification.vendor" value="Oracle Corporation"/>
    <property name="osgi.nl" value="en_US"/>
    <property name="java.library.path" value="C:\Program Files\Java\jdk1.7.0_80\bin;C:\Windows\Sun\Java\bin;C:\Windows\system32;C:\Windows;C:\Windows\system32;C:\Windows;C:\Windows\System32\Wbem;C:\Windows\System32\WindowsPowerShell\v1.0\;C:\Program Files (x86)\Microsoft SQL Server\100\Tools\Binn\;C:\Program Files\Microsoft SQL Server\100\Tools\Binn\;C:\Program Files\Microsoft SQL Server\100\DTS\Binn\;C:\Program Files\TortoiseSVN\bin;%JAVA_HOME\bin;C:\Program Files\TortoiseGit\bin;C:\Program Files (x86)\Windows Kits\8.1\Windows Performance Toolkit\;C:\Program Files\Microsoft SQL Server\110\Tools\Binn\;C:\Program Files (x86)\Microsoft SDKs\TypeScript\1.0\;C:\Program Files\Microsoft SQL Server\120\Tools\Binn\;."/>
    <property name="java.vendor.url" value="http://java.oracle.com/"/>
    <property name="org.osgi.framework.os.version" value="6.1.0"/>
    <property name="java.vm.vendor" value="Oracle Corporation"/>
    <property name="maven.home" value="C:\Users\David\git\youlite-jxc\EMBEDDED"/>
    <property name="java.runtime.name" value="Java(TM) SE Runtime Environment"/>
    <property name="sun.java.command" value="org.codehaus.plexus.classworlds.launcher.Launcher -B install"/>
    <property name="java.class.path" value="/D:/eclipse/plugins/org.eclipse.m2e.maven.runtime_1.5.1.20150109-1819/jars/plexus-classworlds-2.5.1.jar"/>
    <property name="osgi.parentClassloader" value="fwk"/>
    <property name="java.vm.specification.name" value="Java Virtual Machine Specification"/>
    <property name="java.vm.specification.version" value="1.7"/>
    <property name="sun.os.patch.level" value="Service Pack 1"/>
    <property name="sun.cpu.endian" value="little"/>
    <property name="gosh.args" value="--nointeractive"/>
    <property name="java.io.tmpdir" value="C:\Users\David\AppData\Local\Temp\"/>
    <property name="java.vendor.url.bug" value="http://bugreport.sun.com/bugreport/"/>
    <property name="eclipse.product" value="org.eclipse.equinox.p2.director.app.product"/>
    <property name="eclipse.home.location" value="file:/C:/Users/David/.m2/repository/org/eclipse/tycho/tycho-bundles-external/0.19.0/eclipse/"/>
    <property name="java.awt.graphicsenv" value="sun.awt.Win32GraphicsEnvironment"/>
    <property name="os.arch" value="amd64"/>
    <property name="java.ext.dirs" value="C:\Program Files\Java\jdk1.7.0_80\jre\lib\ext;C:\Windows\Sun\Java\lib\ext"/>
    <property name="user.dir" value="C:\Users\David\git\youlite-jxc"/>
    <property name="org.osgi.supports.framework.requirebundle" value="true"/>
    <property name="line.separator" value="
"/>
    <property name="java.vm.name" value="Java HotSpot(TM) 64-Bit Server VM"/>
    <property name="org.osgi.framework.system.packages.extra" value="org.eclipse.tycho,org.eclipse.tycho.artifacts,org.eclipse.tycho.core.ee.shared,org.eclipse.tycho.core.facade,org.eclipse.tycho.core.resolver.shared,org.eclipse.tycho.locking.facade,org.eclipse.tycho.p2.metadata,org.eclipse.tycho.p2.repository,org.eclipse.tycho.p2.resolver.facade,org.eclipse.tycho.p2.target.facade,org.eclipse.tycho.p2.tools,org.eclipse.tycho.p2.tools.director.shared,org.eclipse.tycho.p2.tools.publisher.facade,org.eclipse.tycho.p2.tools.mirroring.facade,org.eclipse.tycho.p2.tools.verifier.facade,org.eclipse.tycho.repository.registry.facade,org.eclipse.tycho.p2.tools.baseline.facade"/>
    <property name="file.encoding" value="UTF-8"/>
    <property name="eclipse.p2.atomic.composite.loading.default" value="true"/>
    <property name="osgi.framework.version" value="3.9.1.v20130814-1242"/>
    <property name="java.specification.version" value="1.7"/>
    <property name="org.osgi.framework.executionenvironment" value="OSGi/Minimum-1.0,OSGi/Minimum-1.1,OSGi/Minimum-1.2,JRE-1.1,J2SE-1.2,J2SE-1.3,J2SE-1.4,J2SE-1.5,JavaSE-1.6,JavaSE-1.7"/>
    <property name="osgi.configuration.area" value="file:/C:/Users/David/AppData/Local/Temp/config6906366214141532853equinox/"/>
    <property name="osgi.logfile" value="C:\Users\David\AppData\Local\Temp\config6906366214141532853equinox\1451284654229.log"/>
  </properties>
  <testcase time="0.002" classname="com.youlite.jxc.common.AppTest" name="testApp"/>
</testsuite>